The system is: Linux - 4.18.0-147.el8.x86_64 - x86_64
Compiling the C compiler identification source file "CMakeCCompilerId.c" succeeded.
Compiler: /usr/bin/cc 
Build flags: 
Id flags:  

The output was:
0


Compilation of the C compiler identification source "CMakeCCompilerId.c" produced "a.out"

The C compiler identification is GNU, found in "/home/xiaohai/Github/zeromq/build/CMakeFiles/3.16.5/CompilerIdC/a.out"

Compiling the CXX compiler identification source file "CMakeCXXCompilerId.cpp" succeeded.
Compiler: /usr/bin/c++ 
Build flags: 
Id flags:  

The output was:
0


Compilation of the CXX compiler identification source "CMakeCXXCompilerId.cpp" produced "a.out"

The CXX compiler identification is GNU, found in "/home/xiaohai/Github/zeromq/build/CMakeFiles/3.16.5/CompilerIdCXX/a.out"

Determining if the C compiler works passed with the following output:
Change Dir: /home/xiaohai/Github/zeromq/build/CMakeFiles/CMakeTmp

Run Build Command(s):/usr/bin/gmake cmTC_d782d/fast && /usr/bin/gmake -f CMakeFiles/cmTC_d782d.dir/build.make CMakeFiles/cmTC_d782d.dir/build
gmake[1]: Entering directory '/home/xiaohai/Github/zeromq/build/CMakeFiles/CMakeTmp'
Building C object CMakeFiles/cmTC_d782d.dir/testCCompiler.c.o
/usr/bin/cc    -o CMakeFiles/cmTC_d782d.dir/testCCompiler.c.o   -c /home/xiaohai/Github/zeromq/build/CMakeFiles/CMakeTmp/testCCompiler.c
Linking C executable cmTC_d782d
/opt/clion/install/bin/cmake/linux/bin/cmake -E cmake_link_script CMakeFiles/cmTC_d782d.dir/link.txt --verbose=1
/usr/bin/cc      CMakeFiles/cmTC_d782d.dir/testCCompiler.c.o  -o cmTC_d782d 
gmake[1]: Leaving directory '/home/xiaohai/Github/zeromq/build/CMakeFiles/CMakeTmp'



Detecting C compiler ABI info compiled with the following output:
Change Dir: /home/xiaohai/Github/zeromq/build/CMakeFiles/CMakeTmp

Run Build Command(s):/usr/bin/gmake cmTC_5e9f5/fast && /usr/bin/gmake -f CMakeFiles/cmTC_5e9f5.dir/build.make CMakeFiles/cmTC_5e9f5.dir/build
gmake[1]: Entering directory '/home/xiaohai/Github/zeromq/build/CMakeFiles/CMakeTmp'
Building C object CMakeFiles/cmTC_5e9f5.dir/CMakeCCompilerABI.c.o
/usr/bin/cc   -v -o CMakeFiles/cmTC_5e9f5.dir/CMakeCCompilerABI.c.o   -c /opt/clion/install/bin/cmake/linux/share/cmake-3.16/Modules/CMakeCCompilerABI.c
Using built-in specs.
COLLECT_GCC=/usr/bin/cc
OFFLOAD_TARGET_NAMES=nvptx-none
OFFLOAD_TARGET_DEFAULT=1
Target: x86_64-redhat-linux
Configured with: ../configure --enable-bootstrap --enable-languages=c,c++,fortran,lto --prefix=/usr --mandir=/usr/share/man --infodir=/usr/share/info --with-bugurl=http://bugzilla.redhat.com/bugzilla --enable-shared --enable-threads=posix --enable-checking=release --enable-multilib --with-system-zlib --enable-__cxa_atexit --disable-libunwind-exceptions --enable-gnu-unique-object --enable-linker-build-id --with-gcc-major-version-only --with-linker-hash-style=gnu --enable-plugin --enable-initfini-array --with-isl --disable-libmpx --enable-offload-targets=nvptx-none --without-cuda-driver --enable-gnu-indirect-function --enable-cet --with-tune=generic --with-arch_32=x86-64 --build=x86_64-redhat-linux
Thread model: posix
gcc version 8.4.1 20200928 (Red Hat 8.4.1-1) (GCC) 
COLLECT_GCC_OPTIONS='-v' '-o' 'CMakeFiles/cmTC_5e9f5.dir/CMakeCCompilerABI.c.o' '-c' '-mtune=generic' '-march=x86-64'
 /usr/libexec/gcc/x86_64-redhat-linux/8/cc1 -quiet -v /opt/clion/install/bin/cmake/linux/share/cmake-3.16/Modules/CMakeCCompilerABI.c -quiet -dumpbase CMakeCCompilerABI.c -mtune=generic -march=x86-64 -auxbase-strip CMakeFiles/cmTC_5e9f5.dir/CMakeCCompilerABI.c.o -version -o /tmp/ccnSWQfQ.s
GNU C17 (GCC) version 8.4.1 20200928 (Red Hat 8.4.1-1) (x86_64-redhat-linux)
	compiled by GNU C version 8.4.1 20200928 (Red Hat 8.4.1-1), GMP version 6.1.2, MPFR version 3.1.6-p2, MPC version 1.0.2, isl version isl-0.16.1-GMP

GGC heuristics: --param ggc-min-expand=100 --param ggc-min-heapsize=131072
ignoring nonexistent directory "/usr/lib/gcc/x86_64-redhat-linux/8/include-fixed"
ignoring nonexistent directory "/usr/lib/gcc/x86_64-redhat-linux/8/../../../../x86_64-redhat-linux/include"
#include "..." search starts here:
#include <...> search starts here:
 /opt/ZZZ/zeromq/install/include
 /opt/ZZZ/nanomsg/install/include
 /opt/gsl/install/include
 /opt/TA-Lib/install/include
 /opt/qt/install/5.14.2/gcc_64/include
 .
 /usr/lib/gcc/x86_64-redhat-linux/8/include
 /usr/local/include
 /usr/include
End of search list.
GNU C17 (GCC) version 8.4.1 20200928 (Red Hat 8.4.1-1) (x86_64-redhat-linux)
	compiled by GNU C version 8.4.1 20200928 (Red Hat 8.4.1-1), GMP version 6.1.2, MPFR version 3.1.6-p2, MPC version 1.0.2, isl version isl-0.16.1-GMP

GGC heuristics: --param ggc-min-expand=100 --param ggc-min-heapsize=131072
Compiler executable checksum: ba4472413baf586bad38c66b3c26fe90
COLLECT_GCC_OPTIONS='-v' '-o' 'CMakeFiles/cmTC_5e9f5.dir/CMakeCCompilerABI.c.o' '-c' '-mtune=generic' '-march=x86-64'
 as -v --64 -o CMakeFiles/cmTC_5e9f5.dir/CMakeCCompilerABI.c.o /tmp/ccnSWQfQ.s
GNU assembler version 2.30 (x86_64-redhat-linux) using BFD version version 2.30-58.el8
COMPILER_PATH=/usr/libexec/gcc/x86_64-redhat-linux/8/:/usr/libexec/gcc/x86_64-redhat-linux/8/:/usr/libexec/gcc/x86_64-redhat-linux/:/usr/lib/gcc/x86_64-redhat-linux/8/:/usr/lib/gcc/x86_64-redhat-linux/
LIBRARY_PATH=/opt/ZZZ/dlib/install/lib64/../lib64/:/opt/ZZZ/xgboost/install/lib64/../lib64/:/opt/ZZZ/log4cplus/install/lib64/../lib64/:/opt/ZZZ/spdlog/install/lib64/../lib64/:/opt/ZZZ/zeromq/install/lib64/../lib64/:/usr/lib/gcc/x86_64-redhat-linux/8/:/usr/lib/gcc/x86_64-redhat-linux/8/../../../../lib64/:/lib/../lib64/:/usr/lib/../lib64/:/opt/ZZZ/dlib/install/lib64/:/opt/ZZZ/lightGBM/install/lib/:/opt/ZZZ/xgboost/install/lib64/:/opt/ZZZ/log4cplus/install/lib64/:/opt/ZZZ/spdlog/install/lib64/:/opt/ZZZ/zeromq/install/lib64/:/opt/gsl/install/lib/:./:/usr/lib/gcc/x86_64-redhat-linux/8/../../../:/lib/:/usr/lib/
COLLECT_GCC_OPTIONS='-v' '-o' 'CMakeFiles/cmTC_5e9f5.dir/CMakeCCompilerABI.c.o' '-c' '-mtune=generic' '-march=x86-64'
Linking C executable cmTC_5e9f5
/opt/clion/install/bin/cmake/linux/bin/cmake -E cmake_link_script CMakeFiles/cmTC_5e9f5.dir/link.txt --verbose=1
/usr/bin/cc     -v CMakeFiles/cmTC_5e9f5.dir/CMakeCCompilerABI.c.o  -o cmTC_5e9f5 
Using built-in specs.
COLLECT_GCC=/usr/bin/cc
COLLECT_LTO_WRAPPER=/usr/libexec/gcc/x86_64-redhat-linux/8/lto-wrapper
OFFLOAD_TARGET_NAMES=nvptx-none
OFFLOAD_TARGET_DEFAULT=1
Target: x86_64-redhat-linux
Configured with: ../configure --enable-bootstrap --enable-languages=c,c++,fortran,lto --prefix=/usr --mandir=/usr/share/man --infodir=/usr/share/info --with-bugurl=http://bugzilla.redhat.com/bugzilla --enable-shared --enable-threads=posix --enable-checking=release --enable-multilib --with-system-zlib --enable-__cxa_atexit --disable-libunwind-exceptions --enable-gnu-unique-object --enable-linker-build-id --with-gcc-major-version-only --with-linker-hash-style=gnu --enable-plugin --enable-initfini-array --with-isl --disable-libmpx --enable-offload-targets=nvptx-none --without-cuda-driver --enable-gnu-indirect-function --enable-cet --with-tune=generic --with-arch_32=x86-64 --build=x86_64-redhat-linux
Thread model: posix
gcc version 8.4.1 20200928 (Red Hat 8.4.1-1) (GCC) 
COMPILER_PATH=/usr/libexec/gcc/x86_64-redhat-linux/8/:/usr/libexec/gcc/x86_64-redhat-linux/8/:/usr/libexec/gcc/x86_64-redhat-linux/:/usr/lib/gcc/x86_64-redhat-linux/8/:/usr/lib/gcc/x86_64-redhat-linux/
LIBRARY_PATH=/opt/ZZZ/dlib/install/lib64/../lib64/:/opt/ZZZ/xgboost/install/lib64/../lib64/:/opt/ZZZ/log4cplus/install/lib64/../lib64/:/opt/ZZZ/spdlog/install/lib64/../lib64/:/opt/ZZZ/zeromq/install/lib64/../lib64/:/usr/lib/gcc/x86_64-redhat-linux/8/:/usr/lib/gcc/x86_64-redhat-linux/8/../../../../lib64/:/lib/../lib64/:/usr/lib/../lib64/:/opt/ZZZ/dlib/install/lib64/:/opt/ZZZ/lightGBM/install/lib/:/opt/ZZZ/xgboost/install/lib64/:/opt/ZZZ/log4cplus/install/lib64/:/opt/ZZZ/spdlog/install/lib64/:/opt/ZZZ/zeromq/install/lib64/:/opt/gsl/install/lib/:./:/usr/lib/gcc/x86_64-redhat-linux/8/../../../:/lib/:/usr/lib/
COLLECT_GCC_OPTIONS='-v' '-o' 'cmTC_5e9f5' '-mtune=generic' '-march=x86-64'
 /usr/libexec/gcc/x86_64-redhat-linux/8/collect2 -plugin /usr/libexec/gcc/x86_64-redhat-linux/8/liblto_plugin.so -plugin-opt=/usr/libexec/gcc/x86_64-redhat-linux/8/lto-wrapper -plugin-opt=-fresolution=/tmp/cc2rLIXS.res -plugin-opt=-pass-through=-lgcc -plugin-opt=-pass-through=-lgcc_s -plugin-opt=-pass-through=-lc -plugin-opt=-pass-through=-lgcc -plugin-opt=-pass-through=-lgcc_s --build-id --no-add-needed --eh-frame-hdr --hash-style=gnu -m elf_x86_64 -dynamic-linker /lib64/ld-linux-x86-64.so.2 -o cmTC_5e9f5 /usr/lib/gcc/x86_64-redhat-linux/8/../../../../lib64/crt1.o /usr/lib/gcc/x86_64-redhat-linux/8/../../../../lib64/crti.o /usr/lib/gcc/x86_64-redhat-linux/8/crtbegin.o -L/opt/ZZZ/dlib/install/lib64/../lib64 -L/opt/ZZZ/xgboost/install/lib64/../lib64 -L/opt/ZZZ/log4cplus/install/lib64/../lib64 -L/opt/ZZZ/spdlog/install/lib64/../lib64 -L/opt/ZZZ/zeromq/install/lib64/../lib64 -L/usr/lib/gcc/x86_64-redhat-linux/8 -L/usr/lib/gcc/x86_64-redhat-linux/8/../../../../lib64 -L/lib/../lib64 -L/usr/lib/../lib64 -L/opt/ZZZ/dlib/install/lib64 -L/opt/ZZZ/lightGBM/install/lib -L/opt/ZZZ/xgboost/install/lib64 -L/opt/ZZZ/log4cplus/install/lib64 -L/opt/ZZZ/spdlog/install/lib64 -L/opt/ZZZ/zeromq/install/lib64 -L/opt/gsl/install/lib -L. -L/usr/lib/gcc/x86_64-redhat-linux/8/../../.. CMakeFiles/cmTC_5e9f5.dir/CMakeCCompilerABI.c.o -lgcc --as-needed -lgcc_s --no-as-needed -lc -lgcc --as-needed -lgcc_s --no-as-needed /usr/lib/gcc/x86_64-redhat-linux/8/crtend.o /usr/lib/gcc/x86_64-redhat-linux/8/../../../../lib64/crtn.o
COLLECT_GCC_OPTIONS='-v' '-o' 'cmTC_5e9f5' '-mtune=generic' '-march=x86-64'
gmake[1]: Leaving directory '/home/xiaohai/Github/zeromq/build/CMakeFiles/CMakeTmp'



Parsed C implicit include dir info from above output: rv=done
  found start of include info
  found start of implicit include info
    add: [/opt/ZZZ/zeromq/install/include]
    add: [/opt/ZZZ/nanomsg/install/include]
    add: [/opt/gsl/install/include]
    add: [/opt/TA-Lib/install/include]
    add: [/opt/qt/install/5.14.2/gcc_64/include]
    add: [.]
    add: [/usr/lib/gcc/x86_64-redhat-linux/8/include]
    add: [/usr/local/include]
    add: [/usr/include]
  end of search list found
  collapse include dir [/opt/ZZZ/zeromq/install/include] ==> [/opt/ZZZ/zeromq/install/include]
  collapse include dir [/opt/ZZZ/nanomsg/install/include] ==> [/opt/ZZZ/nanomsg/install/include]
  collapse include dir [/opt/gsl/install/include] ==> [/opt/gsl/install/include]
  collapse include dir [/opt/TA-Lib/install/include] ==> [/opt/TA-Lib/install/include]
  collapse include dir [/opt/qt/install/5.14.2/gcc_64/include] ==> [/opt/qt/install/5.14.2/gcc_64/include]
  skipping relative include dir [.]
  collapse include dir [/usr/lib/gcc/x86_64-redhat-linux/8/include] ==> [/usr/lib/gcc/x86_64-redhat-linux/8/include]
  collapse include dir [/usr/local/include] ==> [/usr/local/include]
  collapse include dir [/usr/include] ==> [/usr/include]
  implicit include dirs: [/opt/ZZZ/zeromq/install/include;/opt/ZZZ/nanomsg/install/include;/opt/gsl/install/include;/opt/TA-Lib/install/include;/opt/qt/install/5.14.2/gcc_64/include;/usr/lib/gcc/x86_64-redhat-linux/8/include;/usr/local/include;/usr/include]


Parsed C implicit link information from above output:
  link line regex: [^( *|.*[/\])(ld|CMAKE_LINK_STARTFILE-NOTFOUND|([^/\]+-)?ld|collect2)[^/\]*( |$)]
  ignore line: [Change Dir: /home/xiaohai/Github/zeromq/build/CMakeFiles/CMakeTmp]
  ignore line: []
  ignore line: [Run Build Command(s):/usr/bin/gmake cmTC_5e9f5/fast && /usr/bin/gmake -f CMakeFiles/cmTC_5e9f5.dir/build.make CMakeFiles/cmTC_5e9f5.dir/build]
  ignore line: [gmake[1]: Entering directory '/home/xiaohai/Github/zeromq/build/CMakeFiles/CMakeTmp']
  ignore line: [Building C object CMakeFiles/cmTC_5e9f5.dir/CMakeCCompilerABI.c.o]
  ignore line: [/usr/bin/cc   -v -o CMakeFiles/cmTC_5e9f5.dir/CMakeCCompilerABI.c.o   -c /opt/clion/install/bin/cmake/linux/share/cmake-3.16/Modules/CMakeCCompilerABI.c]
  ignore line: [Using built-in specs.]
  ignore line: [COLLECT_GCC=/usr/bin/cc]
  ignore line: [OFFLOAD_TARGET_NAMES=nvptx-none]
  ignore line: [OFFLOAD_TARGET_DEFAULT=1]
  ignore line: [Target: x86_64-redhat-linux]
  ignore line: [Configured with: ../configure --enable-bootstrap --enable-languages=c c++ fortran lto --prefix=/usr --mandir=/usr/share/man --infodir=/usr/share/info --with-bugurl=http://bugzilla.redhat.com/bugzilla --enable-shared --enable-threads=posix --enable-checking=release --enable-multilib --with-system-zlib --enable-__cxa_atexit --disable-libunwind-exceptions --enable-gnu-unique-object --enable-linker-build-id --with-gcc-major-version-only --with-linker-hash-style=gnu --enable-plugin --enable-initfini-array --with-isl --disable-libmpx --enable-offload-targets=nvptx-none --without-cuda-driver --enable-gnu-indirect-function --enable-cet --with-tune=generic --with-arch_32=x86-64 --build=x86_64-redhat-linux]
  ignore line: [Thread model: posix]
  ignore line: [gcc version 8.4.1 20200928 (Red Hat 8.4.1-1) (GCC) ]
  ignore line: [COLLECT_GCC_OPTIONS='-v' '-o' 'CMakeFiles/cmTC_5e9f5.dir/CMakeCCompilerABI.c.o' '-c' '-mtune=generic' '-march=x86-64']
  ignore line: [ /usr/libexec/gcc/x86_64-redhat-linux/8/cc1 -quiet -v /opt/clion/install/bin/cmake/linux/share/cmake-3.16/Modules/CMakeCCompilerABI.c -quiet -dumpbase CMakeCCompilerABI.c -mtune=generic -march=x86-64 -auxbase-strip CMakeFiles/cmTC_5e9f5.dir/CMakeCCompilerABI.c.o -version -o /tmp/ccnSWQfQ.s]
  ignore line: [GNU C17 (GCC) version 8.4.1 20200928 (Red Hat 8.4.1-1) (x86_64-redhat-linux)]
  ignore line: [	compiled by GNU C version 8.4.1 20200928 (Red Hat 8.4.1-1)  GMP version 6.1.2  MPFR version 3.1.6-p2  MPC version 1.0.2  isl version isl-0.16.1-GMP]
  ignore line: []
  ignore line: [GGC heuristics: --param ggc-min-expand=100 --param ggc-min-heapsize=131072]
  ignore line: [ignoring nonexistent directory "/usr/lib/gcc/x86_64-redhat-linux/8/include-fixed"]
  ignore line: [ignoring nonexistent directory "/usr/lib/gcc/x86_64-redhat-linux/8/../../../../x86_64-redhat-linux/include"]
  ignore line: [#include "..." search starts here:]
  ignore line: [#include <...> search starts here:]
  ignore line: [ /opt/ZZZ/zeromq/install/include]
  ignore line: [ /opt/ZZZ/nanomsg/install/include]
  ignore line: [ /opt/gsl/install/include]
  ignore line: [ /opt/TA-Lib/install/include]
  ignore line: [ /opt/qt/install/5.14.2/gcc_64/include]
  ignore line: [ .]
  ignore line: [ /usr/lib/gcc/x86_64-redhat-linux/8/include]
  ignore line: [ /usr/local/include]
  ignore line: [ /usr/include]
  ignore line: [End of search list.]
  ignore line: [GNU C17 (GCC) version 8.4.1 20200928 (Red Hat 8.4.1-1) (x86_64-redhat-linux)]
  ignore line: [	compiled by GNU C version 8.4.1 20200928 (Red Hat 8.4.1-1)  GMP version 6.1.2  MPFR version 3.1.6-p2  MPC version 1.0.2  isl version isl-0.16.1-GMP]
  ignore line: []
  ignore line: [GGC heuristics: --param ggc-min-expand=100 --param ggc-min-heapsize=131072]
  ignore line: [Compiler executable checksum: ba4472413baf586bad38c66b3c26fe90]
  ignore line: [COLLECT_GCC_OPTIONS='-v' '-o' 'CMakeFiles/cmTC_5e9f5.dir/CMakeCCompilerABI.c.o' '-c' '-mtune=generic' '-march=x86-64']
  ignore line: [ as -v --64 -o CMakeFiles/cmTC_5e9f5.dir/CMakeCCompilerABI.c.o /tmp/ccnSWQfQ.s]
  ignore line: [GNU assembler version 2.30 (x86_64-redhat-linux) using BFD version version 2.30-58.el8]
  ignore line: [COMPILER_PATH=/usr/libexec/gcc/x86_64-redhat-linux/8/:/usr/libexec/gcc/x86_64-redhat-linux/8/:/usr/libexec/gcc/x86_64-redhat-linux/:/usr/lib/gcc/x86_64-redhat-linux/8/:/usr/lib/gcc/x86_64-redhat-linux/]
  ignore line: [LIBRARY_PATH=/opt/ZZZ/dlib/install/lib64/../lib64/:/opt/ZZZ/xgboost/install/lib64/../lib64/:/opt/ZZZ/log4cplus/install/lib64/../lib64/:/opt/ZZZ/spdlog/install/lib64/../lib64/:/opt/ZZZ/zeromq/install/lib64/../lib64/:/usr/lib/gcc/x86_64-redhat-linux/8/:/usr/lib/gcc/x86_64-redhat-linux/8/../../../../lib64/:/lib/../lib64/:/usr/lib/../lib64/:/opt/ZZZ/dlib/install/lib64/:/opt/ZZZ/lightGBM/install/lib/:/opt/ZZZ/xgboost/install/lib64/:/opt/ZZZ/log4cplus/install/lib64/:/opt/ZZZ/spdlog/install/lib64/:/opt/ZZZ/zeromq/install/lib64/:/opt/gsl/install/lib/:./:/usr/lib/gcc/x86_64-redhat-linux/8/../../../:/lib/:/usr/lib/]
  ignore line: [COLLECT_GCC_OPTIONS='-v' '-o' 'CMakeFiles/cmTC_5e9f5.dir/CMakeCCompilerABI.c.o' '-c' '-mtune=generic' '-march=x86-64']
  ignore line: [Linking C executable cmTC_5e9f5]
  ignore line: [/opt/clion/install/bin/cmake/linux/bin/cmake -E cmake_link_script CMakeFiles/cmTC_5e9f5.dir/link.txt --verbose=1]
  ignore line: [/usr/bin/cc     -v CMakeFiles/cmTC_5e9f5.dir/CMakeCCompilerABI.c.o  -o cmTC_5e9f5 ]
  ignore line: [Using built-in specs.]
  ignore line: [COLLECT_GCC=/usr/bin/cc]
  ignore line: [COLLECT_LTO_WRAPPER=/usr/libexec/gcc/x86_64-redhat-linux/8/lto-wrapper]
  ignore line: [OFFLOAD_TARGET_NAMES=nvptx-none]
  ignore line: [OFFLOAD_TARGET_DEFAULT=1]
  ignore line: [Target: x86_64-redhat-linux]
  ignore line: [Configured with: ../configure --enable-bootstrap --enable-languages=c c++ fortran lto --prefix=/usr --mandir=/usr/share/man --infodir=/usr/share/info --with-bugurl=http://bugzilla.redhat.com/bugzilla --enable-shared --enable-threads=posix --enable-checking=release --enable-multilib --with-system-zlib --enable-__cxa_atexit --disable-libunwind-exceptions --enable-gnu-unique-object --enable-linker-build-id --with-gcc-major-version-only --with-linker-hash-style=gnu --enable-plugin --enable-initfini-array --with-isl --disable-libmpx --enable-offload-targets=nvptx-none --without-cuda-driver --enable-gnu-indirect-function --enable-cet --with-tune=generic --with-arch_32=x86-64 --build=x86_64-redhat-linux]
  ignore line: [Thread model: posix]
  ignore line: [gcc version 8.4.1 20200928 (Red Hat 8.4.1-1) (GCC) ]
  ignore line: [COMPILER_PATH=/usr/libexec/gcc/x86_64-redhat-linux/8/:/usr/libexec/gcc/x86_64-redhat-linux/8/:/usr/libexec/gcc/x86_64-redhat-linux/:/usr/lib/gcc/x86_64-redhat-linux/8/:/usr/lib/gcc/x86_64-redhat-linux/]
  ignore line: [LIBRARY_PATH=/opt/ZZZ/dlib/install/lib64/../lib64/:/opt/ZZZ/xgboost/install/lib64/../lib64/:/opt/ZZZ/log4cplus/install/lib64/../lib64/:/opt/ZZZ/spdlog/install/lib64/../lib64/:/opt/ZZZ/zeromq/install/lib64/../lib64/:/usr/lib/gcc/x86_64-redhat-linux/8/:/usr/lib/gcc/x86_64-redhat-linux/8/../../../../lib64/:/lib/../lib64/:/usr/lib/../lib64/:/opt/ZZZ/dlib/install/lib64/:/opt/ZZZ/lightGBM/install/lib/:/opt/ZZZ/xgboost/install/lib64/:/opt/ZZZ/log4cplus/install/lib64/:/opt/ZZZ/spdlog/install/lib64/:/opt/ZZZ/zeromq/install/lib64/:/opt/gsl/install/lib/:./:/usr/lib/gcc/x86_64-redhat-linux/8/../../../:/lib/:/usr/lib/]
  ignore line: [COLLECT_GCC_OPTIONS='-v' '-o' 'cmTC_5e9f5' '-mtune=generic' '-march=x86-64']
  link line: [ /usr/libexec/gcc/x86_64-redhat-linux/8/collect2 -plugin /usr/libexec/gcc/x86_64-redhat-linux/8/liblto_plugin.so -plugin-opt=/usr/libexec/gcc/x86_64-redhat-linux/8/lto-wrapper -plugin-opt=-fresolution=/tmp/cc2rLIXS.res -plugin-opt=-pass-through=-lgcc -plugin-opt=-pass-through=-lgcc_s -plugin-opt=-pass-through=-lc -plugin-opt=-pass-through=-lgcc -plugin-opt=-pass-through=-lgcc_s --build-id --no-add-needed --eh-frame-hdr --hash-style=gnu -m elf_x86_64 -dynamic-linker /lib64/ld-linux-x86-64.so.2 -o cmTC_5e9f5 /usr/lib/gcc/x86_64-redhat-linux/8/../../../../lib64/crt1.o /usr/lib/gcc/x86_64-redhat-linux/8/../../../../lib64/crti.o /usr/lib/gcc/x86_64-redhat-linux/8/crtbegin.o -L/opt/ZZZ/dlib/install/lib64/../lib64 -L/opt/ZZZ/xgboost/install/lib64/../lib64 -L/opt/ZZZ/log4cplus/install/lib64/../lib64 -L/opt/ZZZ/spdlog/install/lib64/../lib64 -L/opt/ZZZ/zeromq/install/lib64/../lib64 -L/usr/lib/gcc/x86_64-redhat-linux/8 -L/usr/lib/gcc/x86_64-redhat-linux/8/../../../../lib64 -L/lib/../lib64 -L/usr/lib/../lib64 -L/opt/ZZZ/dlib/install/lib64 -L/opt/ZZZ/lightGBM/install/lib -L/opt/ZZZ/xgboost/install/lib64 -L/opt/ZZZ/log4cplus/install/lib64 -L/opt/ZZZ/spdlog/install/lib64 -L/opt/ZZZ/zeromq/install/lib64 -L/opt/gsl/install/lib -L. -L/usr/lib/gcc/x86_64-redhat-linux/8/../../.. CMakeFiles/cmTC_5e9f5.dir/CMakeCCompilerABI.c.o -lgcc --as-needed -lgcc_s --no-as-needed -lc -lgcc --as-needed -lgcc_s --no-as-needed /usr/lib/gcc/x86_64-redhat-linux/8/crtend.o /usr/lib/gcc/x86_64-redhat-linux/8/../../../../lib64/crtn.o]
    arg [/usr/libexec/gcc/x86_64-redhat-linux/8/collect2] ==> ignore
    arg [-plugin] ==> ignore
    arg [/usr/libexec/gcc/x86_64-redhat-linux/8/liblto_plugin.so] ==> ignore
    arg [-plugin-opt=/usr/libexec/gcc/x86_64-redhat-linux/8/lto-wrapper] ==> ignore
    arg [-plugin-opt=-fresolution=/tmp/cc2rLIXS.res] ==> ignore
    arg [-plugin-opt=-pass-through=-lgcc] ==> ignore
    arg [-plugin-opt=-pass-through=-lgcc_s] ==> ignore
    arg [-plugin-opt=-pass-through=-lc] ==> ignore
    arg [-plugin-opt=-pass-through=-lgcc] ==> ignore
    arg [-plugin-opt=-pass-through=-lgcc_s] ==> ignore
    arg [--build-id] ==> ignore
    arg [--no-add-needed] ==> ignore
    arg [--eh-frame-hdr] ==> ignore
    arg [--hash-style=gnu] ==> ignore
    arg [-m] ==> ignore
    arg [elf_x86_64] ==> ignore
    arg [-dynamic-linker] ==> ignore
    arg [/lib64/ld-linux-x86-64.so.2] ==> ignore
    arg [-o] ==> ignore
    arg [cmTC_5e9f5] ==> ignore
    arg [/usr/lib/gcc/x86_64-redhat-linux/8/../../../../lib64/crt1.o] ==> ignore
    arg [/usr/lib/gcc/x86_64-redhat-linux/8/../../../../lib64/crti.o] ==> ignore
    arg [/usr/lib/gcc/x86_64-redhat-linux/8/crtbegin.o] ==> ignore
    arg [-L/opt/ZZZ/dlib/install/lib64/../lib64] ==> dir [/opt/ZZZ/dlib/install/lib64/../lib64]
    arg [-L/opt/ZZZ/xgboost/install/lib64/../lib64] ==> dir [/opt/ZZZ/xgboost/install/lib64/../lib64]
    arg [-L/opt/ZZZ/log4cplus/install/lib64/../lib64] ==> dir [/opt/ZZZ/log4cplus/install/lib64/../lib64]
    arg [-L/opt/ZZZ/spdlog/install/lib64/../lib64] ==> dir [/opt/ZZZ/spdlog/install/lib64/../lib64]
    arg [-L/opt/ZZZ/zeromq/install/lib64/../lib64] ==> dir [/opt/ZZZ/zeromq/install/lib64/../lib64]
    arg [-L/usr/lib/gcc/x86_64-redhat-linux/8] ==> dir [/usr/lib/gcc/x86_64-redhat-linux/8]
    arg [-L/usr/lib/gcc/x86_64-redhat-linux/8/../../../../lib64] ==> dir [/usr/lib/gcc/x86_64-redhat-linux/8/../../../../lib64]
    arg [-L/lib/../lib64] ==> dir [/lib/../lib64]
    arg [-L/usr/lib/../lib64] ==> dir [/usr/lib/../lib64]
    arg [-L/opt/ZZZ/dlib/install/lib64] ==> dir [/opt/ZZZ/dlib/install/lib64]
    arg [-L/opt/ZZZ/lightGBM/install/lib] ==> dir [/opt/ZZZ/lightGBM/install/lib]
    arg [-L/opt/ZZZ/xgboost/install/lib64] ==> dir [/opt/ZZZ/xgboost/install/lib64]
    arg [-L/opt/ZZZ/log4cplus/install/lib64] ==> dir [/opt/ZZZ/log4cplus/install/lib64]
    arg [-L/opt/ZZZ/spdlog/install/lib64] ==> dir [/opt/ZZZ/spdlog/install/lib64]
    arg [-L/opt/ZZZ/zeromq/install/lib64] ==> dir [/opt/ZZZ/zeromq/install/lib64]
    arg [-L/opt/gsl/install/lib] ==> dir [/opt/gsl/install/lib]
    arg [-L.] ==> ignore
    arg [-L/usr/lib/gcc/x86_64-redhat-linux/8/../../..] ==> dir [/usr/lib/gcc/x86_64-redhat-linux/8/../../..]
    arg [CMakeFiles/cmTC_5e9f5.dir/CMakeCCompilerABI.c.o] ==> ignore
    arg [-lgcc] ==> lib [gcc]
    arg [--as-needed] ==> ignore
    arg [-lgcc_s] ==> lib [gcc_s]
    arg [--no-as-needed] ==> ignore
    arg [-lc] ==> lib [c]
    arg [-lgcc] ==> lib [gcc]
    arg [--as-needed] ==> ignore
    arg [-lgcc_s] ==> lib [gcc_s]
    arg [--no-as-needed] ==> ignore
    arg [/usr/lib/gcc/x86_64-redhat-linux/8/crtend.o] ==> ignore
    arg [/usr/lib/gcc/x86_64-redhat-linux/8/../../../../lib64/crtn.o] ==> ignore
  collapse library dir [/opt/ZZZ/dlib/install/lib64/../lib64] ==> [/opt/ZZZ/dlib/install/lib64]
  collapse library dir [/opt/ZZZ/xgboost/install/lib64/../lib64] ==> [/opt/ZZZ/xgboost/install/lib64]
  collapse library dir [/opt/ZZZ/log4cplus/install/lib64/../lib64] ==> [/opt/ZZZ/log4cplus/install/lib64]
  collapse library dir [/opt/ZZZ/spdlog/install/lib64/../lib64] ==> [/opt/ZZZ/spdlog/install/lib64]
  collapse library dir [/opt/ZZZ/zeromq/install/lib64/../lib64] ==> [/opt/ZZZ/zeromq/install/lib64]
  collapse library dir [/usr/lib/gcc/x86_64-redhat-linux/8] ==> [/usr/lib/gcc/x86_64-redhat-linux/8]
  collapse library dir [/usr/lib/gcc/x86_64-redhat-linux/8/../../../../lib64] ==> [/usr/lib64]
  collapse library dir [/lib/../lib64] ==> [/lib64]
  collapse library dir [/usr/lib/../lib64] ==> [/usr/lib64]
  collapse library dir [/opt/ZZZ/dlib/install/lib64] ==> [/opt/ZZZ/dlib/install/lib64]
  collapse library dir [/opt/ZZZ/lightGBM/install/lib] ==> [/opt/ZZZ/lightGBM/install/lib]
  collapse library dir [/opt/ZZZ/xgboost/install/lib64] ==> [/opt/ZZZ/xgboost/install/lib64]
  collapse library dir [/opt/ZZZ/log4cplus/install/lib64] ==> [/opt/ZZZ/log4cplus/install/lib64]
  collapse library dir [/opt/ZZZ/spdlog/install/lib64] ==> [/opt/ZZZ/spdlog/install/lib64]
  collapse library dir [/opt/ZZZ/zeromq/install/lib64] ==> [/opt/ZZZ/zeromq/install/lib64]
  collapse library dir [/opt/gsl/install/lib] ==> [/opt/gsl/install/lib]
  collapse library dir [/usr/lib/gcc/x86_64-redhat-linux/8/../../..] ==> [/usr/lib]
  implicit libs: [gcc;gcc_s;c;gcc;gcc_s]
  implicit dirs: [/opt/ZZZ/dlib/install/lib64;/opt/ZZZ/xgboost/install/lib64;/opt/ZZZ/log4cplus/install/lib64;/opt/ZZZ/spdlog/install/lib64;/opt/ZZZ/zeromq/install/lib64;/usr/lib/gcc/x86_64-redhat-linux/8;/usr/lib64;/lib64;/opt/ZZZ/lightGBM/install/lib;/opt/gsl/install/lib;/usr/lib]
  implicit fwks: []


Determining if the CXX compiler works passed with the following output:
Change Dir: /home/xiaohai/Github/zeromq/build/CMakeFiles/CMakeTmp

Run Build Command(s):/usr/bin/gmake cmTC_29b41/fast && /usr/bin/gmake -f CMakeFiles/cmTC_29b41.dir/build.make CMakeFiles/cmTC_29b41.dir/build
gmake[1]: Entering directory '/home/xiaohai/Github/zeromq/build/CMakeFiles/CMakeTmp'
Building CXX object CMakeFiles/cmTC_29b41.dir/testCXXCompiler.cxx.o
/usr/bin/c++     -o CMakeFiles/cmTC_29b41.dir/testCXXCompiler.cxx.o -c /home/xiaohai/Github/zeromq/build/CMakeFiles/CMakeTmp/testCXXCompiler.cxx
Linking CXX executable cmTC_29b41
/opt/clion/install/bin/cmake/linux/bin/cmake -E cmake_link_script CMakeFiles/cmTC_29b41.dir/link.txt --verbose=1
/usr/bin/c++       CMakeFiles/cmTC_29b41.dir/testCXXCompiler.cxx.o  -o cmTC_29b41 
gmake[1]: Leaving directory '/home/xiaohai/Github/zeromq/build/CMakeFiles/CMakeTmp'



Detecting CXX compiler ABI info compiled with the following output:
Change Dir: /home/xiaohai/Github/zeromq/build/CMakeFiles/CMakeTmp

Run Build Command(s):/usr/bin/gmake cmTC_520b1/fast && /usr/bin/gmake -f CMakeFiles/cmTC_520b1.dir/build.make CMakeFiles/cmTC_520b1.dir/build
gmake[1]: Entering directory '/home/xiaohai/Github/zeromq/build/CMakeFiles/CMakeTmp'
Building CXX object CMakeFiles/cmTC_520b1.dir/CMakeCXXCompilerABI.cpp.o
/usr/bin/c++    -v -o CMakeFiles/cmTC_520b1.dir/CMakeCXXCompilerABI.cpp.o -c /opt/clion/install/bin/cmake/linux/share/cmake-3.16/Modules/CMakeCXXCompilerABI.cpp
Using built-in specs.
COLLECT_GCC=/usr/bin/c++
OFFLOAD_TARGET_NAMES=nvptx-none
OFFLOAD_TARGET_DEFAULT=1
Target: x86_64-redhat-linux
Configured with: ../configure --enable-bootstrap --enable-languages=c,c++,fortran,lto --prefix=/usr --mandir=/usr/share/man --infodir=/usr/share/info --with-bugurl=http://bugzilla.redhat.com/bugzilla --enable-shared --enable-threads=posix --enable-checking=release --enable-multilib --with-system-zlib --enable-__cxa_atexit --disable-libunwind-exceptions --enable-gnu-unique-object --enable-linker-build-id --with-gcc-major-version-only --with-linker-hash-style=gnu --enable-plugin --enable-initfini-array --with-isl --disable-libmpx --enable-offload-targets=nvptx-none --without-cuda-driver --enable-gnu-indirect-function --enable-cet --with-tune=generic --with-arch_32=x86-64 --build=x86_64-redhat-linux
Thread model: posix
gcc version 8.4.1 20200928 (Red Hat 8.4.1-1) (GCC) 
COLLECT_GCC_OPTIONS='-v' '-o' 'CMakeFiles/cmTC_520b1.dir/CMakeCXXCompilerABI.cpp.o' '-c' '-shared-libgcc' '-mtune=generic' '-march=x86-64'
 /usr/libexec/gcc/x86_64-redhat-linux/8/cc1plus -quiet -v -D_GNU_SOURCE /opt/clion/install/bin/cmake/linux/share/cmake-3.16/Modules/CMakeCXXCompilerABI.cpp -quiet -dumpbase CMakeCXXCompilerABI.cpp -mtune=generic -march=x86-64 -auxbase-strip CMakeFiles/cmTC_520b1.dir/CMakeCXXCompilerABI.cpp.o -version -o /tmp/ccdNv7V8.s
GNU C++14 (GCC) version 8.4.1 20200928 (Red Hat 8.4.1-1) (x86_64-redhat-linux)
	compiled by GNU C version 8.4.1 20200928 (Red Hat 8.4.1-1), GMP version 6.1.2, MPFR version 3.1.6-p2, MPC version 1.0.2, isl version isl-0.16.1-GMP

GGC heuristics: --param ggc-min-expand=100 --param ggc-min-heapsize=131072
ignoring duplicate directory "/opt/ZZZ/xtensor/install/include"
ignoring nonexistent directory "/opt/quantlib/install/include"
ignoring nonexistent directory "/opt/libxml2/install/include/libxml2"
ignoring nonexistent directory "/opt/opencv4.0/install/include/opencv4"
ignoring nonexistent directory "/usr/lib/gcc/x86_64-redhat-linux/8/include-fixed"
ignoring nonexistent directory "/usr/lib/gcc/x86_64-redhat-linux/8/../../../../x86_64-redhat-linux/include"
#include "..." search starts here:
#include <...> search starts here:
 /opt/ZZZ/SQLite/install/include
 /opt/ZZZ/CTP/include
 /opt/ZZZ/matplotlib-cpp/install/include
 /opt/ZZZ/oneTBB/install/include
 /opt/ZZZ/date/install/include
 /opt/ZZZ/json/install/include
 /opt/ZZZ/tinyxml2/install/include
 /opt/ZZZ/dlib/install/include
 /opt/ZZZ/mlpack/install/include
 /opt/ZZZ/MNN/install/include
 /opt/ZZZ/thundersvm/install/include
 /opt/ZZZ/lightGBM/install/include
 /opt/ZZZ/xgboost/install/include
 /opt/ZZZ/tiny-dnn/install/include
 /opt/ZZZ/fmt/install/include
 /opt/ZZZ/log4cplus/install/include
 /opt/ZZZ/spdlog/install/include
 /opt/ZZZ/zeromq/install/include
 /opt/ZZZ/nanomsg/install/include
 /opt/ZZZ/redis/install/include
 /opt/ZZZ/highfive/install/include
 /opt/ZZZ/cereal/install/include
 /opt/ZZZ/rxcpp/install/include
 /opt/ZZZ/dataframe/install/include
 /opt/ZZZ/numcpp/install/include
 /opt/ZZZ/armadillo/install/include
 /opt/ZZZ/xtensor/install/include
 /opt/ZZZ/eigen/install/include/eigen3
 /opt/mysql-connector-cpp/install/include
 /opt/gsl/install/include
 /opt/nodejs/install/node_modules
 /opt/nodejs/install/include
 /opt/pybind11/install/include
 /opt/TA-Lib/install/include
 /opt/root/install/include
 /opt/boost/install/include
 /opt/python3.8/install/include/python3.8
 /opt/qt/install/5.14.2/gcc_64/include
 .
 /opt/ZZZ/libTorch/install/include
 /usr/lib/gcc/x86_64-redhat-linux/8/../../../../include/c++/8
 /usr/lib/gcc/x86_64-redhat-linux/8/../../../../include/c++/8/x86_64-redhat-linux
 /usr/lib/gcc/x86_64-redhat-linux/8/../../../../include/c++/8/backward
 /usr/lib/gcc/x86_64-redhat-linux/8/include
 /usr/local/include
 /usr/include
End of search list.
GNU C++14 (GCC) version 8.4.1 20200928 (Red Hat 8.4.1-1) (x86_64-redhat-linux)
	compiled by GNU C version 8.4.1 20200928 (Red Hat 8.4.1-1), GMP version 6.1.2, MPFR version 3.1.6-p2, MPC version 1.0.2, isl version isl-0.16.1-GMP

GGC heuristics: --param ggc-min-expand=100 --param ggc-min-heapsize=131072
Compiler executable checksum: 38c2e671f40afe50da0df14ae856e910
COLLECT_GCC_OPTIONS='-v' '-o' 'CMakeFiles/cmTC_520b1.dir/CMakeCXXCompilerABI.cpp.o' '-c' '-shared-libgcc' '-mtune=generic' '-march=x86-64'
 as -v --64 -o CMakeFiles/cmTC_520b1.dir/CMakeCXXCompilerABI.cpp.o /tmp/ccdNv7V8.s
GNU assembler version 2.30 (x86_64-redhat-linux) using BFD version version 2.30-58.el8
COMPILER_PATH=/usr/libexec/gcc/x86_64-redhat-linux/8/:/usr/libexec/gcc/x86_64-redhat-linux/8/:/usr/libexec/gcc/x86_64-redhat-linux/:/usr/lib/gcc/x86_64-redhat-linux/8/:/usr/lib/gcc/x86_64-redhat-linux/
LIBRARY_PATH=/opt/ZZZ/dlib/install/lib64/../lib64/:/opt/ZZZ/xgboost/install/lib64/../lib64/:/opt/ZZZ/log4cplus/install/lib64/../lib64/:/opt/ZZZ/spdlog/install/lib64/../lib64/:/opt/ZZZ/zeromq/install/lib64/../lib64/:/usr/lib/gcc/x86_64-redhat-linux/8/:/usr/lib/gcc/x86_64-redhat-linux/8/../../../../lib64/:/lib/../lib64/:/usr/lib/../lib64/:/opt/ZZZ/dlib/install/lib64/:/opt/ZZZ/lightGBM/install/lib/:/opt/ZZZ/xgboost/install/lib64/:/opt/ZZZ/log4cplus/install/lib64/:/opt/ZZZ/spdlog/install/lib64/:/opt/ZZZ/zeromq/install/lib64/:/opt/gsl/install/lib/:./:/usr/lib/gcc/x86_64-redhat-linux/8/../../../:/lib/:/usr/lib/
COLLECT_GCC_OPTIONS='-v' '-o' 'CMakeFiles/cmTC_520b1.dir/CMakeCXXCompilerABI.cpp.o' '-c' '-shared-libgcc' '-mtune=generic' '-march=x86-64'
Linking CXX executable cmTC_520b1
/opt/clion/install/bin/cmake/linux/bin/cmake -E cmake_link_script CMakeFiles/cmTC_520b1.dir/link.txt --verbose=1
/usr/bin/c++      -v CMakeFiles/cmTC_520b1.dir/CMakeCXXCompilerABI.cpp.o  -o cmTC_520b1 
Using built-in specs.
COLLECT_GCC=/usr/bin/c++
COLLECT_LTO_WRAPPER=/usr/libexec/gcc/x86_64-redhat-linux/8/lto-wrapper
OFFLOAD_TARGET_NAMES=nvptx-none
OFFLOAD_TARGET_DEFAULT=1
Target: x86_64-redhat-linux
Configured with: ../configure --enable-bootstrap --enable-languages=c,c++,fortran,lto --prefix=/usr --mandir=/usr/share/man --infodir=/usr/share/info --with-bugurl=http://bugzilla.redhat.com/bugzilla --enable-shared --enable-threads=posix --enable-checking=release --enable-multilib --with-system-zlib --enable-__cxa_atexit --disable-libunwind-exceptions --enable-gnu-unique-object --enable-linker-build-id --with-gcc-major-version-only --with-linker-hash-style=gnu --enable-plugin --enable-initfini-array --with-isl --disable-libmpx --enable-offload-targets=nvptx-none --without-cuda-driver --enable-gnu-indirect-function --enable-cet --with-tune=generic --with-arch_32=x86-64 --build=x86_64-redhat-linux
Thread model: posix
gcc version 8.4.1 20200928 (Red Hat 8.4.1-1) (GCC) 
COMPILER_PATH=/usr/libexec/gcc/x86_64-redhat-linux/8/:/usr/libexec/gcc/x86_64-redhat-linux/8/:/usr/libexec/gcc/x86_64-redhat-linux/:/usr/lib/gcc/x86_64-redhat-linux/8/:/usr/lib/gcc/x86_64-redhat-linux/
LIBRARY_PATH=/opt/ZZZ/dlib/install/lib64/../lib64/:/opt/ZZZ/xgboost/install/lib64/../lib64/:/opt/ZZZ/log4cplus/install/lib64/../lib64/:/opt/ZZZ/spdlog/install/lib64/../lib64/:/opt/ZZZ/zeromq/install/lib64/../lib64/:/usr/lib/gcc/x86_64-redhat-linux/8/:/usr/lib/gcc/x86_64-redhat-linux/8/../../../../lib64/:/lib/../lib64/:/usr/lib/../lib64/:/opt/ZZZ/dlib/install/lib64/:/opt/ZZZ/lightGBM/install/lib/:/opt/ZZZ/xgboost/install/lib64/:/opt/ZZZ/log4cplus/install/lib64/:/opt/ZZZ/spdlog/install/lib64/:/opt/ZZZ/zeromq/install/lib64/:/opt/gsl/install/lib/:./:/usr/lib/gcc/x86_64-redhat-linux/8/../../../:/lib/:/usr/lib/
COLLECT_GCC_OPTIONS='-v' '-o' 'cmTC_520b1' '-shared-libgcc' '-mtune=generic' '-march=x86-64'
 /usr/libexec/gcc/x86_64-redhat-linux/8/collect2 -plugin /usr/libexec/gcc/x86_64-redhat-linux/8/liblto_plugin.so -plugin-opt=/usr/libexec/gcc/x86_64-redhat-linux/8/lto-wrapper -plugin-opt=-fresolution=/tmp/ccg8xKga.res -plugin-opt=-pass-through=-lgcc_s -plugin-opt=-pass-through=-lgcc -plugin-opt=-pass-through=-lc -plugin-opt=-pass-through=-lgcc_s -plugin-opt=-pass-through=-lgcc --build-id --no-add-needed --eh-frame-hdr --hash-style=gnu -m elf_x86_64 -dynamic-linker /lib64/ld-linux-x86-64.so.2 -o cmTC_520b1 /usr/lib/gcc/x86_64-redhat-linux/8/../../../../lib64/crt1.o /usr/lib/gcc/x86_64-redhat-linux/8/../../../../lib64/crti.o /usr/lib/gcc/x86_64-redhat-linux/8/crtbegin.o -L/opt/ZZZ/dlib/install/lib64/../lib64 -L/opt/ZZZ/xgboost/install/lib64/../lib64 -L/opt/ZZZ/log4cplus/install/lib64/../lib64 -L/opt/ZZZ/spdlog/install/lib64/../lib64 -L/opt/ZZZ/zeromq/install/lib64/../lib64 -L/usr/lib/gcc/x86_64-redhat-linux/8 -L/usr/lib/gcc/x86_64-redhat-linux/8/../../../../lib64 -L/lib/../lib64 -L/usr/lib/../lib64 -L/opt/ZZZ/dlib/install/lib64 -L/opt/ZZZ/lightGBM/install/lib -L/opt/ZZZ/xgboost/install/lib64 -L/opt/ZZZ/log4cplus/install/lib64 -L/opt/ZZZ/spdlog/install/lib64 -L/opt/ZZZ/zeromq/install/lib64 -L/opt/gsl/install/lib -L. -L/usr/lib/gcc/x86_64-redhat-linux/8/../../.. CMakeFiles/cmTC_520b1.dir/CMakeCXXCompilerABI.cpp.o -lstdc++ -lm -lgcc_s -lgcc -lc -lgcc_s -lgcc /usr/lib/gcc/x86_64-redhat-linux/8/crtend.o /usr/lib/gcc/x86_64-redhat-linux/8/../../../../lib64/crtn.o
COLLECT_GCC_OPTIONS='-v' '-o' 'cmTC_520b1' '-shared-libgcc' '-mtune=generic' '-march=x86-64'
gmake[1]: Leaving directory '/home/xiaohai/Github/zeromq/build/CMakeFiles/CMakeTmp'



Parsed CXX implicit include dir info from above output: rv=done
  found start of include info
  found start of implicit include info
    add: [/opt/ZZZ/SQLite/install/include]
    add: [/opt/ZZZ/CTP/include]
    add: [/opt/ZZZ/matplotlib-cpp/install/include]
    add: [/opt/ZZZ/oneTBB/install/include]
    add: [/opt/ZZZ/date/install/include]
    add: [/opt/ZZZ/json/install/include]
    add: [/opt/ZZZ/tinyxml2/install/include]
    add: [/opt/ZZZ/dlib/install/include]
    add: [/opt/ZZZ/mlpack/install/include]
    add: [/opt/ZZZ/MNN/install/include]
    add: [/opt/ZZZ/thundersvm/install/include]
    add: [/opt/ZZZ/lightGBM/install/include]
    add: [/opt/ZZZ/xgboost/install/include]
    add: [/opt/ZZZ/tiny-dnn/install/include]
    add: [/opt/ZZZ/fmt/install/include]
    add: [/opt/ZZZ/log4cplus/install/include]
    add: [/opt/ZZZ/spdlog/install/include]
    add: [/opt/ZZZ/zeromq/install/include]
    add: [/opt/ZZZ/nanomsg/install/include]
    add: [/opt/ZZZ/redis/install/include]
    add: [/opt/ZZZ/highfive/install/include]
    add: [/opt/ZZZ/cereal/install/include]
    add: [/opt/ZZZ/rxcpp/install/include]
    add: [/opt/ZZZ/dataframe/install/include]
    add: [/opt/ZZZ/numcpp/install/include]
    add: [/opt/ZZZ/armadillo/install/include]
    add: [/opt/ZZZ/xtensor/install/include]
    add: [/opt/ZZZ/eigen/install/include/eigen3]
    add: [/opt/mysql-connector-cpp/install/include]
    add: [/opt/gsl/install/include]
    add: [/opt/nodejs/install/node_modules]
    add: [/opt/nodejs/install/include]
    add: [/opt/pybind11/install/include]
    add: [/opt/TA-Lib/install/include]
    add: [/opt/root/install/include]
    add: [/opt/boost/install/include]
    add: [/opt/python3.8/install/include/python3.8]
    add: [/opt/qt/install/5.14.2/gcc_64/include]
    add: [.]
    add: [/opt/ZZZ/libTorch/install/include]
    add: [/usr/lib/gcc/x86_64-redhat-linux/8/../../../../include/c++/8]
    add: [/usr/lib/gcc/x86_64-redhat-linux/8/../../../../include/c++/8/x86_64-redhat-linux]
    add: [/usr/lib/gcc/x86_64-redhat-linux/8/../../../../include/c++/8/backward]
    add: [/usr/lib/gcc/x86_64-redhat-linux/8/include]
    add: [/usr/local/include]
    add: [/usr/include]
  end of search list found
  collapse include dir [/opt/ZZZ/SQLite/install/include] ==> [/opt/ZZZ/SQLite/install/include]
  collapse include dir [/opt/ZZZ/CTP/include] ==> [/opt/ZZZ/CTP/include]
  collapse include dir [/opt/ZZZ/matplotlib-cpp/install/include] ==> [/opt/ZZZ/matplotlib-cpp/install/include]
  collapse include dir [/opt/ZZZ/oneTBB/install/include] ==> [/opt/ZZZ/oneTBB/install/include]
  collapse include dir [/opt/ZZZ/date/install/include] ==> [/opt/ZZZ/date/install/include]
  collapse include dir [/opt/ZZZ/json/install/include] ==> [/opt/ZZZ/json/install/include]
  collapse include dir [/opt/ZZZ/tinyxml2/install/include] ==> [/opt/ZZZ/tinyxml2/install/include]
  collapse include dir [/opt/ZZZ/dlib/install/include] ==> [/opt/ZZZ/dlib/install/include]
  collapse include dir [/opt/ZZZ/mlpack/install/include] ==> [/opt/ZZZ/mlpack/install/include]
  collapse include dir [/opt/ZZZ/MNN/install/include] ==> [/opt/ZZZ/MNN/install/include]
  collapse include dir [/opt/ZZZ/thundersvm/install/include] ==> [/opt/ZZZ/thundersvm/install/include]
  collapse include dir [/opt/ZZZ/lightGBM/install/include] ==> [/opt/ZZZ/lightGBM/install/include]
  collapse include dir [/opt/ZZZ/xgboost/install/include] ==> [/opt/ZZZ/xgboost/install/include]
  collapse include dir [/opt/ZZZ/tiny-dnn/install/include] ==> [/opt/ZZZ/tiny-dnn/install/include]
  collapse include dir [/opt/ZZZ/fmt/install/include] ==> [/opt/ZZZ/fmt/install/include]
  collapse include dir [/opt/ZZZ/log4cplus/install/include] ==> [/opt/ZZZ/log4cplus/install/include]
  collapse include dir [/opt/ZZZ/spdlog/install/include] ==> [/opt/ZZZ/spdlog/install/include]
  collapse include dir [/opt/ZZZ/zeromq/install/include] ==> [/opt/ZZZ/zeromq/install/include]
  collapse include dir [/opt/ZZZ/nanomsg/install/include] ==> [/opt/ZZZ/nanomsg/install/include]
  collapse include dir [/opt/ZZZ/redis/install/include] ==> [/opt/ZZZ/redis/install/include]
  collapse include dir [/opt/ZZZ/highfive/install/include] ==> [/opt/ZZZ/highfive/install/include]
  collapse include dir [/opt/ZZZ/cereal/install/include] ==> [/opt/ZZZ/cereal/install/include]
  collapse include dir [/opt/ZZZ/rxcpp/install/include] ==> [/opt/ZZZ/rxcpp/install/include]
  collapse include dir [/opt/ZZZ/dataframe/install/include] ==> [/opt/ZZZ/dataframe/install/include]
  collapse include dir [/opt/ZZZ/numcpp/install/include] ==> [/opt/ZZZ/numcpp/install/include]
  collapse include dir [/opt/ZZZ/armadillo/install/include] ==> [/opt/ZZZ/armadillo/install/include]
  collapse include dir [/opt/ZZZ/xtensor/install/include] ==> [/opt/ZZZ/xtensor/install/include]
  collapse include dir [/opt/ZZZ/eigen/install/include/eigen3] ==> [/opt/ZZZ/eigen/install/include/eigen3]
  collapse include dir [/opt/mysql-connector-cpp/install/include] ==> [/opt/mysql-connector-cpp/install/include]
  collapse include dir [/opt/gsl/install/include] ==> [/opt/gsl/install/include]
  collapse include dir [/opt/nodejs/install/node_modules] ==> [/opt/nodejs/install/node_modules]
  collapse include dir [/opt/nodejs/install/include] ==> [/opt/nodejs/install/include]
  collapse include dir [/opt/pybind11/install/include] ==> [/opt/pybind11/install/include]
  collapse include dir [/opt/TA-Lib/install/include] ==> [/opt/TA-Lib/install/include]
  collapse include dir [/opt/root/install/include] ==> [/opt/root/install/include]
  collapse include dir [/opt/boost/install/include] ==> [/opt/boost/install/include]
  collapse include dir [/opt/python3.8/install/include/python3.8] ==> [/opt/python3.8/install/include/python3.8]
  collapse include dir [/opt/qt/install/5.14.2/gcc_64/include] ==> [/opt/qt/install/5.14.2/gcc_64/include]
  skipping relative include dir [.]
  collapse include dir [/opt/ZZZ/libTorch/install/include] ==> [/opt/ZZZ/libTorch/install/include]
  collapse include dir [/usr/lib/gcc/x86_64-redhat-linux/8/../../../../include/c++/8] ==> [/usr/include/c++/8]
  collapse include dir [/usr/lib/gcc/x86_64-redhat-linux/8/../../../../include/c++/8/x86_64-redhat-linux] ==> [/usr/include/c++/8/x86_64-redhat-linux]
  collapse include dir [/usr/lib/gcc/x86_64-redhat-linux/8/../../../../include/c++/8/backward] ==> [/usr/include/c++/8/backward]
  collapse include dir [/usr/lib/gcc/x86_64-redhat-linux/8/include] ==> [/usr/lib/gcc/x86_64-redhat-linux/8/include]
  collapse include dir [/usr/local/include] ==> [/usr/local/include]
  collapse include dir [/usr/include] ==> [/usr/include]
  implicit include dirs: [/opt/ZZZ/SQLite/install/include;/opt/ZZZ/CTP/include;/opt/ZZZ/matplotlib-cpp/install/include;/opt/ZZZ/oneTBB/install/include;/opt/ZZZ/date/install/include;/opt/ZZZ/json/install/include;/opt/ZZZ/tinyxml2/install/include;/opt/ZZZ/dlib/install/include;/opt/ZZZ/mlpack/install/include;/opt/ZZZ/MNN/install/include;/opt/ZZZ/thundersvm/install/include;/opt/ZZZ/lightGBM/install/include;/opt/ZZZ/xgboost/install/include;/opt/ZZZ/tiny-dnn/install/include;/opt/ZZZ/fmt/install/include;/opt/ZZZ/log4cplus/install/include;/opt/ZZZ/spdlog/install/include;/opt/ZZZ/zeromq/install/include;/opt/ZZZ/nanomsg/install/include;/opt/ZZZ/redis/install/include;/opt/ZZZ/highfive/install/include;/opt/ZZZ/cereal/install/include;/opt/ZZZ/rxcpp/install/include;/opt/ZZZ/dataframe/install/include;/opt/ZZZ/numcpp/install/include;/opt/ZZZ/armadillo/install/include;/opt/ZZZ/xtensor/install/include;/opt/ZZZ/eigen/install/include/eigen3;/opt/mysql-connector-cpp/install/include;/opt/gsl/install/include;/opt/nodejs/install/node_modules;/opt/nodejs/install/include;/opt/pybind11/install/include;/opt/TA-Lib/install/include;/opt/root/install/include;/opt/boost/install/include;/opt/python3.8/install/include/python3.8;/opt/qt/install/5.14.2/gcc_64/include;/opt/ZZZ/libTorch/install/include;/usr/include/c++/8;/usr/include/c++/8/x86_64-redhat-linux;/usr/include/c++/8/backward;/usr/lib/gcc/x86_64-redhat-linux/8/include;/usr/local/include;/usr/include]


Parsed CXX implicit link information from above output:
  link line regex: [^( *|.*[/\])(ld|CMAKE_LINK_STARTFILE-NOTFOUND|([^/\]+-)?ld|collect2)[^/\]*( |$)]
  ignore line: [Change Dir: /home/xiaohai/Github/zeromq/build/CMakeFiles/CMakeTmp]
  ignore line: []
  ignore line: [Run Build Command(s):/usr/bin/gmake cmTC_520b1/fast && /usr/bin/gmake -f CMakeFiles/cmTC_520b1.dir/build.make CMakeFiles/cmTC_520b1.dir/build]
  ignore line: [gmake[1]: Entering directory '/home/xiaohai/Github/zeromq/build/CMakeFiles/CMakeTmp']
  ignore line: [Building CXX object CMakeFiles/cmTC_520b1.dir/CMakeCXXCompilerABI.cpp.o]
  ignore line: [/usr/bin/c++    -v -o CMakeFiles/cmTC_520b1.dir/CMakeCXXCompilerABI.cpp.o -c /opt/clion/install/bin/cmake/linux/share/cmake-3.16/Modules/CMakeCXXCompilerABI.cpp]
  ignore line: [Using built-in specs.]
  ignore line: [COLLECT_GCC=/usr/bin/c++]
  ignore line: [OFFLOAD_TARGET_NAMES=nvptx-none]
  ignore line: [OFFLOAD_TARGET_DEFAULT=1]
  ignore line: [Target: x86_64-redhat-linux]
  ignore line: [Configured with: ../configure --enable-bootstrap --enable-languages=c c++ fortran lto --prefix=/usr --mandir=/usr/share/man --infodir=/usr/share/info --with-bugurl=http://bugzilla.redhat.com/bugzilla --enable-shared --enable-threads=posix --enable-checking=release --enable-multilib --with-system-zlib --enable-__cxa_atexit --disable-libunwind-exceptions --enable-gnu-unique-object --enable-linker-build-id --with-gcc-major-version-only --with-linker-hash-style=gnu --enable-plugin --enable-initfini-array --with-isl --disable-libmpx --enable-offload-targets=nvptx-none --without-cuda-driver --enable-gnu-indirect-function --enable-cet --with-tune=generic --with-arch_32=x86-64 --build=x86_64-redhat-linux]
  ignore line: [Thread model: posix]
  ignore line: [gcc version 8.4.1 20200928 (Red Hat 8.4.1-1) (GCC) ]
  ignore line: [COLLECT_GCC_OPTIONS='-v' '-o' 'CMakeFiles/cmTC_520b1.dir/CMakeCXXCompilerABI.cpp.o' '-c' '-shared-libgcc' '-mtune=generic' '-march=x86-64']
  ignore line: [ /usr/libexec/gcc/x86_64-redhat-linux/8/cc1plus -quiet -v -D_GNU_SOURCE /opt/clion/install/bin/cmake/linux/share/cmake-3.16/Modules/CMakeCXXCompilerABI.cpp -quiet -dumpbase CMakeCXXCompilerABI.cpp -mtune=generic -march=x86-64 -auxbase-strip CMakeFiles/cmTC_520b1.dir/CMakeCXXCompilerABI.cpp.o -version -o /tmp/ccdNv7V8.s]
  ignore line: [GNU C++14 (GCC) version 8.4.1 20200928 (Red Hat 8.4.1-1) (x86_64-redhat-linux)]
  ignore line: [	compiled by GNU C version 8.4.1 20200928 (Red Hat 8.4.1-1)  GMP version 6.1.2  MPFR version 3.1.6-p2  MPC version 1.0.2  isl version isl-0.16.1-GMP]
  ignore line: []
  ignore line: [GGC heuristics: --param ggc-min-expand=100 --param ggc-min-heapsize=131072]
  ignore line: [ignoring duplicate directory "/opt/ZZZ/xtensor/install/include"]
  ignore line: [ignoring nonexistent directory "/opt/quantlib/install/include"]
  ignore line: [ignoring nonexistent directory "/opt/libxml2/install/include/libxml2"]
  ignore line: [ignoring nonexistent directory "/opt/opencv4.0/install/include/opencv4"]
  ignore line: [ignoring nonexistent directory "/usr/lib/gcc/x86_64-redhat-linux/8/include-fixed"]
  ignore line: [ignoring nonexistent directory "/usr/lib/gcc/x86_64-redhat-linux/8/../../../../x86_64-redhat-linux/include"]
  ignore line: [#include "..." search starts here:]
  ignore line: [#include <...> search starts here:]
  ignore line: [ /opt/ZZZ/SQLite/install/include]
  ignore line: [ /opt/ZZZ/CTP/include]
  ignore line: [ /opt/ZZZ/matplotlib-cpp/install/include]
  ignore line: [ /opt/ZZZ/oneTBB/install/include]
  ignore line: [ /opt/ZZZ/date/install/include]
  ignore line: [ /opt/ZZZ/json/install/include]
  ignore line: [ /opt/ZZZ/tinyxml2/install/include]
  ignore line: [ /opt/ZZZ/dlib/install/include]
  ignore line: [ /opt/ZZZ/mlpack/install/include]
  ignore line: [ /opt/ZZZ/MNN/install/include]
  ignore line: [ /opt/ZZZ/thundersvm/install/include]
  ignore line: [ /opt/ZZZ/lightGBM/install/include]
  ignore line: [ /opt/ZZZ/xgboost/install/include]
  ignore line: [ /opt/ZZZ/tiny-dnn/install/include]
  ignore line: [ /opt/ZZZ/fmt/install/include]
  ignore line: [ /opt/ZZZ/log4cplus/install/include]
  ignore line: [ /opt/ZZZ/spdlog/install/include]
  ignore line: [ /opt/ZZZ/zeromq/install/include]
  ignore line: [ /opt/ZZZ/nanomsg/install/include]
  ignore line: [ /opt/ZZZ/redis/install/include]
  ignore line: [ /opt/ZZZ/highfive/install/include]
  ignore line: [ /opt/ZZZ/cereal/install/include]
  ignore line: [ /opt/ZZZ/rxcpp/install/include]
  ignore line: [ /opt/ZZZ/dataframe/install/include]
  ignore line: [ /opt/ZZZ/numcpp/install/include]
  ignore line: [ /opt/ZZZ/armadillo/install/include]
  ignore line: [ /opt/ZZZ/xtensor/install/include]
  ignore line: [ /opt/ZZZ/eigen/install/include/eigen3]
  ignore line: [ /opt/mysql-connector-cpp/install/include]
  ignore line: [ /opt/gsl/install/include]
  ignore line: [ /opt/nodejs/install/node_modules]
  ignore line: [ /opt/nodejs/install/include]
  ignore line: [ /opt/pybind11/install/include]
  ignore line: [ /opt/TA-Lib/install/include]
  ignore line: [ /opt/root/install/include]
  ignore line: [ /opt/boost/install/include]
  ignore line: [ /opt/python3.8/install/include/python3.8]
  ignore line: [ /opt/qt/install/5.14.2/gcc_64/include]
  ignore line: [ .]
  ignore line: [ /opt/ZZZ/libTorch/install/include]
  ignore line: [ /usr/lib/gcc/x86_64-redhat-linux/8/../../../../include/c++/8]
  ignore line: [ /usr/lib/gcc/x86_64-redhat-linux/8/../../../../include/c++/8/x86_64-redhat-linux]
  ignore line: [ /usr/lib/gcc/x86_64-redhat-linux/8/../../../../include/c++/8/backward]
  ignore line: [ /usr/lib/gcc/x86_64-redhat-linux/8/include]
  ignore line: [ /usr/local/include]
  ignore line: [ /usr/include]
  ignore line: [End of search list.]
  ignore line: [GNU C++14 (GCC) version 8.4.1 20200928 (Red Hat 8.4.1-1) (x86_64-redhat-linux)]
  ignore line: [	compiled by GNU C version 8.4.1 20200928 (Red Hat 8.4.1-1)  GMP version 6.1.2  MPFR version 3.1.6-p2  MPC version 1.0.2  isl version isl-0.16.1-GMP]
  ignore line: []
  ignore line: [GGC heuristics: --param ggc-min-expand=100 --param ggc-min-heapsize=131072]
  ignore line: [Compiler executable checksum: 38c2e671f40afe50da0df14ae856e910]
  ignore line: [COLLECT_GCC_OPTIONS='-v' '-o' 'CMakeFiles/cmTC_520b1.dir/CMakeCXXCompilerABI.cpp.o' '-c' '-shared-libgcc' '-mtune=generic' '-march=x86-64']
  ignore line: [ as -v --64 -o CMakeFiles/cmTC_520b1.dir/CMakeCXXCompilerABI.cpp.o /tmp/ccdNv7V8.s]
  ignore line: [GNU assembler version 2.30 (x86_64-redhat-linux) using BFD version version 2.30-58.el8]
  ignore line: [COMPILER_PATH=/usr/libexec/gcc/x86_64-redhat-linux/8/:/usr/libexec/gcc/x86_64-redhat-linux/8/:/usr/libexec/gcc/x86_64-redhat-linux/:/usr/lib/gcc/x86_64-redhat-linux/8/:/usr/lib/gcc/x86_64-redhat-linux/]
  ignore line: [LIBRARY_PATH=/opt/ZZZ/dlib/install/lib64/../lib64/:/opt/ZZZ/xgboost/install/lib64/../lib64/:/opt/ZZZ/log4cplus/install/lib64/../lib64/:/opt/ZZZ/spdlog/install/lib64/../lib64/:/opt/ZZZ/zeromq/install/lib64/../lib64/:/usr/lib/gcc/x86_64-redhat-linux/8/:/usr/lib/gcc/x86_64-redhat-linux/8/../../../../lib64/:/lib/../lib64/:/usr/lib/../lib64/:/opt/ZZZ/dlib/install/lib64/:/opt/ZZZ/lightGBM/install/lib/:/opt/ZZZ/xgboost/install/lib64/:/opt/ZZZ/log4cplus/install/lib64/:/opt/ZZZ/spdlog/install/lib64/:/opt/ZZZ/zeromq/install/lib64/:/opt/gsl/install/lib/:./:/usr/lib/gcc/x86_64-redhat-linux/8/../../../:/lib/:/usr/lib/]
  ignore line: [COLLECT_GCC_OPTIONS='-v' '-o' 'CMakeFiles/cmTC_520b1.dir/CMakeCXXCompilerABI.cpp.o' '-c' '-shared-libgcc' '-mtune=generic' '-march=x86-64']
  ignore line: [Linking CXX executable cmTC_520b1]
  ignore line: [/opt/clion/install/bin/cmake/linux/bin/cmake -E cmake_link_script CMakeFiles/cmTC_520b1.dir/link.txt --verbose=1]
  ignore line: [/usr/bin/c++      -v CMakeFiles/cmTC_520b1.dir/CMakeCXXCompilerABI.cpp.o  -o cmTC_520b1 ]
  ignore line: [Using built-in specs.]
  ignore line: [COLLECT_GCC=/usr/bin/c++]
  ignore line: [COLLECT_LTO_WRAPPER=/usr/libexec/gcc/x86_64-redhat-linux/8/lto-wrapper]
  ignore line: [OFFLOAD_TARGET_NAMES=nvptx-none]
  ignore line: [OFFLOAD_TARGET_DEFAULT=1]
  ignore line: [Target: x86_64-redhat-linux]
  ignore line: [Configured with: ../configure --enable-bootstrap --enable-languages=c c++ fortran lto --prefix=/usr --mandir=/usr/share/man --infodir=/usr/share/info --with-bugurl=http://bugzilla.redhat.com/bugzilla --enable-shared --enable-threads=posix --enable-checking=release --enable-multilib --with-system-zlib --enable-__cxa_atexit --disable-libunwind-exceptions --enable-gnu-unique-object --enable-linker-build-id --with-gcc-major-version-only --with-linker-hash-style=gnu --enable-plugin --enable-initfini-array --with-isl --disable-libmpx --enable-offload-targets=nvptx-none --without-cuda-driver --enable-gnu-indirect-function --enable-cet --with-tune=generic --with-arch_32=x86-64 --build=x86_64-redhat-linux]
  ignore line: [Thread model: posix]
  ignore line: [gcc version 8.4.1 20200928 (Red Hat 8.4.1-1) (GCC) ]
  ignore line: [COMPILER_PATH=/usr/libexec/gcc/x86_64-redhat-linux/8/:/usr/libexec/gcc/x86_64-redhat-linux/8/:/usr/libexec/gcc/x86_64-redhat-linux/:/usr/lib/gcc/x86_64-redhat-linux/8/:/usr/lib/gcc/x86_64-redhat-linux/]
  ignore line: [LIBRARY_PATH=/opt/ZZZ/dlib/install/lib64/../lib64/:/opt/ZZZ/xgboost/install/lib64/../lib64/:/opt/ZZZ/log4cplus/install/lib64/../lib64/:/opt/ZZZ/spdlog/install/lib64/../lib64/:/opt/ZZZ/zeromq/install/lib64/../lib64/:/usr/lib/gcc/x86_64-redhat-linux/8/:/usr/lib/gcc/x86_64-redhat-linux/8/../../../../lib64/:/lib/../lib64/:/usr/lib/../lib64/:/opt/ZZZ/dlib/install/lib64/:/opt/ZZZ/lightGBM/install/lib/:/opt/ZZZ/xgboost/install/lib64/:/opt/ZZZ/log4cplus/install/lib64/:/opt/ZZZ/spdlog/install/lib64/:/opt/ZZZ/zeromq/install/lib64/:/opt/gsl/install/lib/:./:/usr/lib/gcc/x86_64-redhat-linux/8/../../../:/lib/:/usr/lib/]
  ignore line: [COLLECT_GCC_OPTIONS='-v' '-o' 'cmTC_520b1' '-shared-libgcc' '-mtune=generic' '-march=x86-64']
  link line: [ /usr/libexec/gcc/x86_64-redhat-linux/8/collect2 -plugin /usr/libexec/gcc/x86_64-redhat-linux/8/liblto_plugin.so -plugin-opt=/usr/libexec/gcc/x86_64-redhat-linux/8/lto-wrapper -plugin-opt=-fresolution=/tmp/ccg8xKga.res -plugin-opt=-pass-through=-lgcc_s -plugin-opt=-pass-through=-lgcc -plugin-opt=-pass-through=-lc -plugin-opt=-pass-through=-lgcc_s -plugin-opt=-pass-through=-lgcc --build-id --no-add-needed --eh-frame-hdr --hash-style=gnu -m elf_x86_64 -dynamic-linker /lib64/ld-linux-x86-64.so.2 -o cmTC_520b1 /usr/lib/gcc/x86_64-redhat-linux/8/../../../../lib64/crt1.o /usr/lib/gcc/x86_64-redhat-linux/8/../../../../lib64/crti.o /usr/lib/gcc/x86_64-redhat-linux/8/crtbegin.o -L/opt/ZZZ/dlib/install/lib64/../lib64 -L/opt/ZZZ/xgboost/install/lib64/../lib64 -L/opt/ZZZ/log4cplus/install/lib64/../lib64 -L/opt/ZZZ/spdlog/install/lib64/../lib64 -L/opt/ZZZ/zeromq/install/lib64/../lib64 -L/usr/lib/gcc/x86_64-redhat-linux/8 -L/usr/lib/gcc/x86_64-redhat-linux/8/../../../../lib64 -L/lib/../lib64 -L/usr/lib/../lib64 -L/opt/ZZZ/dlib/install/lib64 -L/opt/ZZZ/lightGBM/install/lib -L/opt/ZZZ/xgboost/install/lib64 -L/opt/ZZZ/log4cplus/install/lib64 -L/opt/ZZZ/spdlog/install/lib64 -L/opt/ZZZ/zeromq/install/lib64 -L/opt/gsl/install/lib -L. -L/usr/lib/gcc/x86_64-redhat-linux/8/../../.. CMakeFiles/cmTC_520b1.dir/CMakeCXXCompilerABI.cpp.o -lstdc++ -lm -lgcc_s -lgcc -lc -lgcc_s -lgcc /usr/lib/gcc/x86_64-redhat-linux/8/crtend.o /usr/lib/gcc/x86_64-redhat-linux/8/../../../../lib64/crtn.o]
    arg [/usr/libexec/gcc/x86_64-redhat-linux/8/collect2] ==> ignore
    arg [-plugin] ==> ignore
    arg [/usr/libexec/gcc/x86_64-redhat-linux/8/liblto_plugin.so] ==> ignore
    arg [-plugin-opt=/usr/libexec/gcc/x86_64-redhat-linux/8/lto-wrapper] ==> ignore
    arg [-plugin-opt=-fresolution=/tmp/ccg8xKga.res] ==> ignore
    arg [-plugin-opt=-pass-through=-lgcc_s] ==> ignore
    arg [-plugin-opt=-pass-through=-lgcc] ==> ignore
    arg [-plugin-opt=-pass-through=-lc] ==> ignore
    arg [-plugin-opt=-pass-through=-lgcc_s] ==> ignore
    arg [-plugin-opt=-pass-through=-lgcc] ==> ignore
    arg [--build-id] ==> ignore
    arg [--no-add-needed] ==> ignore
    arg [--eh-frame-hdr] ==> ignore
    arg [--hash-style=gnu] ==> ignore
    arg [-m] ==> ignore
    arg [elf_x86_64] ==> ignore
    arg [-dynamic-linker] ==> ignore
    arg [/lib64/ld-linux-x86-64.so.2] ==> ignore
    arg [-o] ==> ignore
    arg [cmTC_520b1] ==> ignore
    arg [/usr/lib/gcc/x86_64-redhat-linux/8/../../../../lib64/crt1.o] ==> ignore
    arg [/usr/lib/gcc/x86_64-redhat-linux/8/../../../../lib64/crti.o] ==> ignore
    arg [/usr/lib/gcc/x86_64-redhat-linux/8/crtbegin.o] ==> ignore
    arg [-L/opt/ZZZ/dlib/install/lib64/../lib64] ==> dir [/opt/ZZZ/dlib/install/lib64/../lib64]
    arg [-L/opt/ZZZ/xgboost/install/lib64/../lib64] ==> dir [/opt/ZZZ/xgboost/install/lib64/../lib64]
    arg [-L/opt/ZZZ/log4cplus/install/lib64/../lib64] ==> dir [/opt/ZZZ/log4cplus/install/lib64/../lib64]
    arg [-L/opt/ZZZ/spdlog/install/lib64/../lib64] ==> dir [/opt/ZZZ/spdlog/install/lib64/../lib64]
    arg [-L/opt/ZZZ/zeromq/install/lib64/../lib64] ==> dir [/opt/ZZZ/zeromq/install/lib64/../lib64]
    arg [-L/usr/lib/gcc/x86_64-redhat-linux/8] ==> dir [/usr/lib/gcc/x86_64-redhat-linux/8]
    arg [-L/usr/lib/gcc/x86_64-redhat-linux/8/../../../../lib64] ==> dir [/usr/lib/gcc/x86_64-redhat-linux/8/../../../../lib64]
    arg [-L/lib/../lib64] ==> dir [/lib/../lib64]
    arg [-L/usr/lib/../lib64] ==> dir [/usr/lib/../lib64]
    arg [-L/opt/ZZZ/dlib/install/lib64] ==> dir [/opt/ZZZ/dlib/install/lib64]
    arg [-L/opt/ZZZ/lightGBM/install/lib] ==> dir [/opt/ZZZ/lightGBM/install/lib]
    arg [-L/opt/ZZZ/xgboost/install/lib64] ==> dir [/opt/ZZZ/xgboost/install/lib64]
    arg [-L/opt/ZZZ/log4cplus/install/lib64] ==> dir [/opt/ZZZ/log4cplus/install/lib64]
    arg [-L/opt/ZZZ/spdlog/install/lib64] ==> dir [/opt/ZZZ/spdlog/install/lib64]
    arg [-L/opt/ZZZ/zeromq/install/lib64] ==> dir [/opt/ZZZ/zeromq/install/lib64]
    arg [-L/opt/gsl/install/lib] ==> dir [/opt/gsl/install/lib]
    arg [-L.] ==> ignore
    arg [-L/usr/lib/gcc/x86_64-redhat-linux/8/../../..] ==> dir [/usr/lib/gcc/x86_64-redhat-linux/8/../../..]
    arg [CMakeFiles/cmTC_520b1.dir/CMakeCXXCompilerABI.cpp.o] ==> ignore
    arg [-lstdc++] ==> lib [stdc++]
    arg [-lm] ==> lib [m]
    arg [-lgcc_s] ==> lib [gcc_s]
    arg [-lgcc] ==> lib [gcc]
    arg [-lc] ==> lib [c]
    arg [-lgcc_s] ==> lib [gcc_s]
    arg [-lgcc] ==> lib [gcc]
    arg [/usr/lib/gcc/x86_64-redhat-linux/8/crtend.o] ==> ignore
    arg [/usr/lib/gcc/x86_64-redhat-linux/8/../../../../lib64/crtn.o] ==> ignore
  collapse library dir [/opt/ZZZ/dlib/install/lib64/../lib64] ==> [/opt/ZZZ/dlib/install/lib64]
  collapse library dir [/opt/ZZZ/xgboost/install/lib64/../lib64] ==> [/opt/ZZZ/xgboost/install/lib64]
  collapse library dir [/opt/ZZZ/log4cplus/install/lib64/../lib64] ==> [/opt/ZZZ/log4cplus/install/lib64]
  collapse library dir [/opt/ZZZ/spdlog/install/lib64/../lib64] ==> [/opt/ZZZ/spdlog/install/lib64]
  collapse library dir [/opt/ZZZ/zeromq/install/lib64/../lib64] ==> [/opt/ZZZ/zeromq/install/lib64]
  collapse library dir [/usr/lib/gcc/x86_64-redhat-linux/8] ==> [/usr/lib/gcc/x86_64-redhat-linux/8]
  collapse library dir [/usr/lib/gcc/x86_64-redhat-linux/8/../../../../lib64] ==> [/usr/lib64]
  collapse library dir [/lib/../lib64] ==> [/lib64]
  collapse library dir [/usr/lib/../lib64] ==> [/usr/lib64]
  collapse library dir [/opt/ZZZ/dlib/install/lib64] ==> [/opt/ZZZ/dlib/install/lib64]
  collapse library dir [/opt/ZZZ/lightGBM/install/lib] ==> [/opt/ZZZ/lightGBM/install/lib]
  collapse library dir [/opt/ZZZ/xgboost/install/lib64] ==> [/opt/ZZZ/xgboost/install/lib64]
  collapse library dir [/opt/ZZZ/log4cplus/install/lib64] ==> [/opt/ZZZ/log4cplus/install/lib64]
  collapse library dir [/opt/ZZZ/spdlog/install/lib64] ==> [/opt/ZZZ/spdlog/install/lib64]
  collapse library dir [/opt/ZZZ/zeromq/install/lib64] ==> [/opt/ZZZ/zeromq/install/lib64]
  collapse library dir [/opt/gsl/install/lib] ==> [/opt/gsl/install/lib]
  collapse library dir [/usr/lib/gcc/x86_64-redhat-linux/8/../../..] ==> [/usr/lib]
  implicit libs: [stdc++;m;gcc_s;gcc;c;gcc_s;gcc]
  implicit dirs: [/opt/ZZZ/dlib/install/lib64;/opt/ZZZ/xgboost/install/lib64;/opt/ZZZ/log4cplus/install/lib64;/opt/ZZZ/spdlog/install/lib64;/opt/ZZZ/zeromq/install/lib64;/usr/lib/gcc/x86_64-redhat-linux/8;/usr/lib64;/lib64;/opt/ZZZ/lightGBM/install/lib;/opt/gsl/install/lib;/usr/lib]
  implicit fwks: []


